<?xml version="1.0" encoding="UTF-8"?>
<testsuite xmlns:xsi="http://www.w3.org/2001/XMLSchema-instance" xsi:noNamespaceSchemaLocation="https://maven.apache.org/surefire/maven-surefire-plugin/xsd/surefire-test-report-3.0.xsd" version="3.0" name="TestSuite" time="18.759" tests="6" errors="0" skipped="0" failures="1">
  <properties>
[...]
</properties>
  <testcase name="verifyFindUSAUsingCodeUS on verifyFindUSAUsingCodeUS(test.RestAssuredApiTest)" classname="test.RestAssuredApiTest" time="4.93">
    <failure message="1 expectation failed.&#10;JSON path RestResponse.result.alias doesn&apos;t match.&#10;Expected: is &quot;Silvina&quot;&#10;  Actual: null&#10;" type="java.lang.AssertionError"><![CDATA[java.lang.AssertionError: 
1 expectation failed.
JSON path RestResponse.result.alias doesn't match.
Expected: is "Silvina"
  Actual: null

	at java.base/jdk.internal.reflect.NativeConstructorAccessorImpl.newInstance0(Native Method)
	at java.base/jdk.internal.reflect.NativeConstructorAccessorImpl.newInstance(NativeConstructorAccessorImpl.java:77)
	at java.base/jdk.internal.reflect.DelegatingConstructorAccessorImpl.newInstance(DelegatingConstructorAccessorImpl.java:45)
	at java.base/java.lang.reflect.Constructor.newInstanceWithCaller(Constructor.java:499)
	at java.base/java.lang.reflect.Constructor.newInstance(Constructor.java:480)
	at org.codehaus.groovy.reflection.CachedConstructor.invoke(CachedConstructor.java:72)
	at org.codehaus.groovy.runtime.callsite.ConstructorSite$ConstructorSiteNoUnwrapNoCoerce.callConstructor(ConstructorSite.java:105)
	at org.codehaus.groovy.runtime.callsite.CallSiteArray.defaultCallConstructor(CallSiteArray.java:59)
	at org.codehaus.groovy.runtime.callsite.AbstractCallSite.callConstructor(AbstractCallSite.java:263)
	at org.codehaus.groovy.runtime.callsite.AbstractCallSite.callConstructor(AbstractCallSite.java:277)
	at io.restassured.internal.ResponseSpecificationImpl$HamcrestAssertionClosure.validate(ResponseSpecificationImpl.groovy:493)
	at io.restassured.internal.ResponseSpecificationImpl$HamcrestAssertionClosure$validate$1.call(Unknown Source)
	at io.restassured.internal.ResponseSpecificationImpl.validateResponseIfRequired(ResponseSpecificationImpl.groovy:674)
	at java.base/jdk.internal.reflect.NativeMethodAccessorImpl.invoke0(Native Method)
	at java.base/jdk.internal.reflect.NativeMethodAccessorImpl.invoke(NativeMethodAccessorImpl.java:77)
	at java.base/jdk.internal.reflect.DelegatingMethodAccessorImpl.invoke(DelegatingMethodAccessorImpl.java:43)
	at java.base/java.lang.reflect.Method.invoke(Method.java:568)
	at org.codehaus.groovy.runtime.callsite.PlainObjectMetaMethodSite.doInvoke(PlainObjectMetaMethodSite.java:43)
	at org.codehaus.groovy.runtime.callsite.PogoMetaMethodSite$PogoCachedMethodSiteNoUnwrapNoCoerce.invoke(PogoMetaMethodSite.java:193)
	at org.codehaus.groovy.runtime.callsite.PogoMetaMethodSite.callCurrent(PogoMetaMethodSite.java:61)
	at org.codehaus.groovy.runtime.callsite.CallSiteArray.defaultCallCurrent(CallSiteArray.java:51)
	at org.codehaus.groovy.runtime.callsite.AbstractCallSite.callCurrent(AbstractCallSite.java:171)
	at org.codehaus.groovy.runtime.callsite.AbstractCallSite.callCurrent(AbstractCallSite.java:185)
	at io.restassured.internal.ResponseSpecificationImpl.body(ResponseSpecificationImpl.groovy:261)
	at io.restassured.specification.ResponseSpecification$body$1.callCurrent(Unknown Source)
	at org.codehaus.groovy.runtime.callsite.CallSiteArray.defaultCallCurrent(CallSiteArray.java:51)
	at org.codehaus.groovy.runtime.callsite.AbstractCallSite.callCurrent(AbstractCallSite.java:171)
	at org.codehaus.groovy.runtime.callsite.AbstractCallSite.callCurrent(AbstractCallSite.java:212)
	at io.restassured.internal.ResponseSpecificationImpl.body(ResponseSpecificationImpl.groovy:108)
	at io.restassured.internal.ValidatableResponseOptionsImpl.body(ValidatableResponseOptionsImpl.java:244)
	at io.restassured.internal.ValidatableResponseImpl.super$2$body(ValidatableResponseImpl.groovy)
	at java.base/jdk.internal.reflect.NativeMethodAccessorImpl.invoke0(Native Method)
	at java.base/jdk.internal.reflect.NativeMethodAccessorImpl.invoke(NativeMethodAccessorImpl.java:77)
	at java.base/jdk.internal.reflect.DelegatingMethodAccessorImpl.invoke(DelegatingMethodAccessorImpl.java:43)
	at java.base/java.lang.reflect.Method.invoke(Method.java:568)
	at org.codehaus.groovy.reflection.CachedMethod.invoke(CachedMethod.java:107)
	at groovy.lang.MetaMethod.doMethodInvoke(MetaMethod.java:323)
	at groovy.lang.MetaClassImpl.invokeMethod(MetaClassImpl.java:1268)
	at org.codehaus.groovy.runtime.ScriptBytecodeAdapter.invokeMethodOnSuperN(ScriptBytecodeAdapter.java:144)
	at io.restassured.internal.ValidatableResponseImpl.body(ValidatableResponseImpl.groovy:298)
	at io.restassured.internal.ValidatableResponseImpl.body(ValidatableResponseImpl.groovy)
	at test.RestAssuredApiTest.verifyFindUSAUsingCodeUS(RestAssuredApiTest.java:14)
	at java.base/jdk.internal.reflect.NativeMethodAccessorImpl.invoke0(Native Method)
	at java.base/jdk.internal.reflect.NativeMethodAccessorImpl.invoke(NativeMethodAccessorImpl.java:77)
	at java.base/jdk.internal.reflect.DelegatingMethodAccessorImpl.invoke(DelegatingMethodAccessorImpl.java:43)
	at java.base/java.lang.reflect.Method.invoke(Method.java:568)
	at org.junit.runners.model.FrameworkMethod$1.runReflectiveCall(FrameworkMethod.java:50)
	at org.junit.internal.runners.model.ReflectiveCallable.run(ReflectiveCallable.java:12)
	at org.junit.runners.model.FrameworkMethod.invokeExplosively(FrameworkMethod.java:47)
	at org.junit.internal.runners.statements.InvokeMethod.evaluate(InvokeMethod.java:17)
	at org.junit.runners.ParentRunner.runLeaf(ParentRunner.java:325)
	at org.junit.runners.BlockJUnit4ClassRunner.runChild(BlockJUnit4ClassRunner.java:78)
	at org.junit.runners.BlockJUnit4ClassRunner.runChild(BlockJUnit4ClassRunner.java:57)
	at org.junit.runners.ParentRunner$3.run(ParentRunner.java:290)
	at org.junit.runners.ParentRunner$1.schedule(ParentRunner.java:71)
	at org.junit.runners.ParentRunner.runChildren(ParentRunner.java:288)
	at org.junit.runners.ParentRunner.access$000(ParentRunner.java:58)
	at org.junit.runners.ParentRunner$2.evaluate(ParentRunner.java:268)
	at org.junit.runners.ParentRunner.run(ParentRunner.java:363)
	at org.junit.runner.JUnitCore.run(JUnitCore.java:137)
	at org.junit.runner.JUnitCore.run(JUnitCore.java:115)
	at org.testng.junit.JUnit4TestRunner.start(JUnit4TestRunner.java:71)
	at org.testng.junit.JUnit4TestRunner.run(JUnit4TestRunner.java:56)
	at org.testng.TestRunner$1.run(TestRunner.java:681)
	at java.base/java.util.ArrayList.forEach(ArrayList.java:1511)
	at org.testng.TestRunner.runJUnitWorkers(TestRunner.java:887)
	at org.testng.TestRunner.privateRunJUnit(TestRunner.java:710)
	at org.testng.TestRunner.run(TestRunner.java:601)
	at org.testng.SuiteRunner.runTest(SuiteRunner.java:429)
	at org.testng.SuiteRunner.runSequentially(SuiteRunner.java:423)
	at org.testng.SuiteRunner.privateRun(SuiteRunner.java:383)
	at org.testng.SuiteRunner.run(SuiteRunner.java:326)
	at org.testng.SuiteRunnerWorker.runSuite(SuiteRunnerWorker.java:52)
	at org.testng.SuiteRunnerWorker.run(SuiteRunnerWorker.java:95)
	at org.testng.TestNG.runSuitesSequentially(TestNG.java:1249)
	at org.testng.TestNG.runSuitesLocally(TestNG.java:1169)
	at org.testng.TestNG.runSuites(TestNG.java:1092)
	at org.testng.TestNG.run(TestNG.java:1060)
	at org.apache.maven.surefire.testng.TestNGExecutor.run(TestNGExecutor.java:155)
	at org.apache.maven.surefire.testng.TestNGDirectoryTestSuite.executeMulti(TestNGDirectoryTestSuite.java:180)
	at org.apache.maven.surefire.testng.TestNGDirectoryTestSuite.execute(TestNGDirectoryTestSuite.java:88)
	at org.apache.maven.surefire.testng.TestNGProvider.invoke(TestNGProvider.java:137)
	at org.apache.maven.surefire.booter.ForkedBooter.runSuitesInProcess(ForkedBooter.java:385)
	at org.apache.maven.surefire.booter.ForkedBooter.execute(ForkedBooter.java:162)
	at org.apache.maven.surefire.booter.ForkedBooter.run(ForkedBooter.java:507)
	at org.apache.maven.surefire.booter.ForkedBooter.main(ForkedBooter.java:495)
]]></failure>
    <system-out><![CDATA[Usage: <main class> [options] The XML suite files to run
  Options:
    -alwaysrunlisteners
      Should MethodInvocation Listeners be run even for skipped methods
      Default: true
    -configfailurepolicy
      Configuration failure policy (skip or continue)
    -d
      Output directory
    -dataproviderthreadcount
      Number of threads to use when running data providers
    -dependencyinjectorfactory
      The dependency injector factory implementation that TestNG should use.
    -excludegroups
      Comma-separated list of group names to  exclude
    -failwheneverythingskipped
      Should TestNG fail execution if all tests were skipped and nothing was 
      run. 
      Default: false
    -groups
      Comma-separated list of group names to be run
    -includeAllDataDrivenTestsWhenSkipping
      Should TestNG report all iterations of a data driven test as individual 
      skips, in-case of upstream failures.
      Default: false
    -junit
      JUnit mode
      Default: false
    -listener
      List of .class files or list of class names implementing ITestListener 
      or ISuiteListener
    -methods
      Comma separated of test methods
      Default: []
    -methodselectors
      List of .class files or list of class names implementing IMethodSelector
    -mixed
      Mixed mode - autodetect the type of current test and run it with 
      appropriate runner
      Default: false
    -objectfactory
      List of .class files or list of class names implementing 
      ITestRunnerFactory 
    -overrideincludedmethods
      Comma separated fully qualified class names of listeners that should be 
      skipped from being wired in via Service Loaders.
      Default: false
    -parallel
      Parallel mode (methods, tests or classes)
      Possible Values: [tests, methods, classes, instances, none]
    -port
      The port
    -reporter
      Extended configuration for custom report listener
    -spilistenerstoskip
      Comma separated fully qualified class names of listeners that should be 
      skipped from being wired in via Service Loaders.
      Default: <empty string>
    -suitename
      Default name of test suite, if not specified in suite definition file or 
      source code
    -suitethreadpoolsize
      Size of the thread pool to use to run suites
      Default: 1
    -testclass
      The list of test classes
    -testjar
      A jar file containing the tests
    -testname
      Default name of test, if not specified in suitedefinition file or source 
      code 
    -testnames
      The list of test names to run
    -testrunfactory, -testRunFactory
      The factory used to create tests
    -threadcount
      Number of threads to use when running tests in parallel
    -threadpoolfactoryclass
      The threadpool executor factory implementation that TestNG should use.
    -usedefaultlisteners
      Whether to use the default listeners
      Default: true
    -log, -verbose
      Level of verbosity
    -xmlpathinjar
      The full path to the xml file inside the jar file (only valid if 
      -testjar was specified)
      Default: testng.xml

]]></system-out>
    <system-err><![CDATA[[TestNG] [ERROR] No test suite found. Nothing to run
]]></system-err>
  </testcase>
  <testcase name="postExample on postExample(test.ServicesTest)" classname="test.ServicesTest" time="1.181"/>
  <testcase name="isFilmFound on isFilmFound(test.SwapiTest)" classname="test.SwapiTest" time="1.764"/>
  <testcase name="checkRealeseDate on checkRealeseDate(test.SwapiTest)" classname="test.SwapiTest" time="3.402"/>
  <testcase name="getSwApi on getSwApi(test.SwapiTest)" classname="test.SwapiTest" time="2.828"/>
  <testcase name="isBlond on isBlond(test.SwapiTest)" classname="test.SwapiTest" time="3.714">
    <system-out><![CDATA[https://swapi.dev/api/films/1/
https://swapi.dev/api/films/2/
https://swapi.dev/api/films/3/
https://swapi.dev/api/films/4/
https://swapi.dev/api/films/5/
https://swapi.dev/api/films/6/
6
]]></system-out>
  </testcase>
</testsuite>